0 silly input [ 'build' ]
1 silly flags {
1 silly flags   _: [ 'run' ],
1 silly flags   'reject-cycles': false,
1 silly flags   rejectCycles: false,
1 silly flags   script: 'build',
1 silly flags   args: []
1 silly flags }
2 verbose rootPath C:\Projects\manyforms
3 info version 2.11.0
4 silly existsSync C:\Projects\manyforms\VERSION
5 silly initialize attempt
6 silly initialize success
7 silly execute attempt
8 silly runScriptInDir build [] common
9 silly getExecOpts { cwd: 'C:\\Projects\\manyforms\\packages\\common' }
10 silly runScriptInDir build [] my-app
11 silly getExecOpts { cwd: 'C:\\Projects\\manyforms\\packages\\my-app' }
12 silly runScriptInDir build [] renderer
13 silly getExecOpts { cwd: 'C:\\Projects\\manyforms\\packages\\renderer' }
14 error build Errored while running script in '@manyforms/render'
15 error execute callback with error
16 error Error: Command failed: yarn run build
16 error error Command failed with exit code 1.
16 error $ react-scripts build
16 error Creating an optimized production build...
16 error =============
16 error
16 error WARNING: You are currently running a version of TypeScript which is not officially supported by typescript-estree.
16 error
16 error You may find that it works just fine, or you may not.
16 error
16 error SUPPORTED TYPESCRIPT VERSIONS: >=3.2.1 <3.6.0
16 error
16 error YOUR TYPESCRIPT VERSION: 3.6.3
16 error
16 error Please only submit bug reports when using the officially supported version.
16 error
16 error =============
16 error Failed to compile.
16 error
16 error ./src/formElements/input/TextInput.js
16 error   Line 10:  'React' must be in scope when using JSX  react/react-in-jsx-scope
16 error   Line 11:   'React' must be in scope when using JSX  react/react-in-jsx-scope
16 error
16 error Search for the keywords to learn more about each error.
16 error
16 error
16 error info Visit https://yarnpkg.com/en/docs/cli/run for documentation about this command.
16 error
16 error     at C:\Projects\manyforms\node_modules\lerna\node_modules\execa\index.js:236:11
